HTTP/1.1 200 
X-Content-Type-Options: nosniff
X-XSS-Protection: 0
Cache-Control: no-cache, no-store, max-age=0, must-revalidate
Pragma: no-cache
Expires: 0
X-Frame-Options: DENY
Content-Type: text/html;charset=UTF-8
Content-Language: en-US
Transfer-Encoding: chunked
Date: Wed, 24 Dec 2025 06:36:25 GMT

<!DOCTYPE html>
<html lang="ko">

<head>
    <meta charset="UTF-8">
    <title>PhotoProject Demo</title>

    <!-- 공통 CSS -->
    <link rel="stylesheet" href="/css/main.css">
</head>

<body>

<header class="app-header">

    <div class="app-header__inner">
        <a class="app-logo" href="/">PhotoProject</a>

        <nav class="app-nav">
            <a class="app-nav__link" href="/">Home |</a>
            <a class="app-nav__link" href="/ui/posts/write">Write |</a>

            <!-- 로그인 상태 분기: 표준 HttpServletRequest 기반 -->
             <!--비로그인-->
                <a class="app-nav__link" href="/ui/auth/login">Login </a>
                <span class="auth-badge auth-badge--guest">
                    인증 필요
                </span>
            

            
        </nav>
    </div>
</header>

<main class="container">
    <section>
    <h1>PhotoProject 검증용 홈</h1>

    <p>
        이 페이지는 <strong>API 검증용 최소 UI</strong>입니다.<br/>
        Postman과 Thymeleaf 화면 두 방식으로 API 동작을 확인합니다.
    </p>

    <hr/>

    <!-- 인증 관련 -->
    <section>
        <h2>🔐 인증(Authentication)</h2>
        <!--로그인 상태 표시-->
        
        <!--비로그인 상태-->
        <div>
            <ul>
                <li><a href="/ui/demo/login">로그인 페이지</a></li>
                <li><a href="/ui/auth/signup">회원가입 페이지</a></li>
            </ul>
            <p>
                비로그인 상태 접근 시 <strong>401 Unauthorized</strong> 반환 여부 확인
            </p>
        </div>
    </section>

    <hr/>

    <!-- 게시글 관련 -->
    <section>
        <h2>📝 게시글(Post)</h2>
        <ul>
            <li><a href="/ui/posts">게시글 목록 조회</a></li>
            <li>게시글 상세 조회</li>
            <li><a href="/ui/posts/write">게시글 작성</a></li>
        </ul>
        <p>
            권한 부족 시 <strong>403 Forbidden</strong> 반환 여부 확인
        </p>
    </section>

    <hr/>

    <!-- 보안 정책 -->
    <section>
        <h2>🛡️ 보안 정책 요약</h2>
        <ul>
            <li>비로그인 사용자 접근 → 401</li>
            <li>권한 부족 접근 → 403</li>
        </ul>
    </section>

    <hr/>

    <!-- 안내 -->
    <section>
        <p>
            photoProject는 <strong>갤러리 게시판</strong> 목적의 API 프로젝트이며,<br/>
            화면은 기능 검증을 위한 최소 UI로 구성되어 있습니다.
        </p>
    </section>

</section>
</main>

</body>
</html>
